  Integral.cpp
C:\Users\darek\source\repos\projekt2_calki_sfml\projekt2_calki_sfml\Integral.cpp(42,49): warning C4244: "argument": konwersja z "double" do "T", możliwa utrata danych
          with
          [
              T=float
          ]
C:\Users\darek\source\repos\projekt2_calki_sfml\projekt2_calki_sfml\Integral.cpp(42,33): warning C4244: "argument": konwersja z "double" do "T", możliwa utrata danych
          with
          [
              T=float
          ]
C:\Users\darek\source\repos\projekt2_calki_sfml\projekt2_calki_sfml\Integral.cpp(90,37): warning C4244: "+=": konwersja z "double" do "int", możliwa utrata danych
C:\Users\darek\source\repos\projekt2_calki_sfml\projekt2_calki_sfml\Integral.cpp(92,34): warning C4244: "argument": konwersja z "int" do "T", możliwa utrata danych
          with
          [
              T=float
          ]
C:\Users\darek\source\repos\projekt2_calki_sfml\projekt2_calki_sfml\Integral.cpp(93,34): warning C4244: "argument": konwersja z "int" do "T", możliwa utrata danych
          with
          [
              T=float
          ]
C:\Users\darek\source\repos\projekt2_calki_sfml\projekt2_calki_sfml\Integral.cpp(95,37): warning C4244: "+=": konwersja z "double" do "int", możliwa utrata danych
C:\Users\darek\source\repos\projekt2_calki_sfml\projekt2_calki_sfml\Integral.cpp(97,52): warning C4244: "argument": konwersja z "int" do "T", możliwa utrata danych
          with
          [
              T=float
          ]
C:\Users\darek\source\repos\projekt2_calki_sfml\projekt2_calki_sfml\Integral.cpp(98,52): warning C4244: "argument": konwersja z "int" do "T", możliwa utrata danych
          with
          [
              T=float
          ]
C:\Users\darek\source\repos\projekt2_calki_sfml\projekt2_calki_sfml\Integral.cpp(144,25): warning C4305: "argument": obcięcie z "double" do "float"
C:\Users\darek\source\repos\projekt2_calki_sfml\projekt2_calki_sfml\Integral.cpp(148,63): warning C4305: "argument": obcięcie z "double" do "float"
  projekt2_calki_sfml.vcxproj -> C:\Users\darek\source\repos\projekt2_calki_sfml\x64\Debug\projekt2_calki_sfml.exe
